<?xml version="1.0" encoding="UTF-8"?>
<!-- Generated by org.testng.reporters.JUnitXMLReporter -->
<testsuite hostname="VXBLRWKS03" ignored="2" name="Test" tests="4" failures="0" timestamp="2023-04-20T12:12:35 IST" time="45.908" errors="0">
  <testcase name="Login2" time="13.049" classname="com.qa.tests.LoginTest2"/>
  <testcase name="WhitespaceStep1" time="6.217" classname="com.qa.tests.WhiteSpaceTests"/>
  <testcase name="WhitespaceStep2" time="6.395" classname="com.qa.tests.WhiteSpaceTests"/>
  <testcase name="WhitespaceStep3" time="0.005" classname="com.qa.tests.WhiteSpaceTests"/>
  <testcase name="@BeforeTest beforeTest" time="0.0" classname="qa.mobile.BaseTest">
    <ignored/>
  </testcase> <!-- @BeforeTest beforeTest -->
  <testcase name="@AfterTest afterTest" time="0.0" classname="qa.mobile.BaseTest">
    <ignored/>
  </testcase> <!-- @AfterTest afterTest -->
</testsuite> <!-- Test -->
