<?xml version="1.0" encoding="UTF-8"?>
<testng-results skipped="0" failed="0" ignored="2" total="6" passed="4">
  <reporter-output>
  </reporter-output>
  <suite name="Suite" duration-ms="45908" started-at="2023-04-20T12:11:49 IST" finished-at="2023-04-20T12:12:35 IST">
    <groups>
    </groups>
    <test name="Test" duration-ms="45908" started-at="2023-04-20T12:11:49 IST" finished-at="2023-04-20T12:12:35 IST">
      <class name="com.qa.tests.LoginTest2">
        <test-method status="PASS" signature="beforeTest()[pri:0, instance:com.qa.tests.LoginTest2@3e0fbeb5]" name="beforeTest" is-config="true" duration-ms="20065" started-at="2023-04-20T12:11:49 IST" finished-at="2023-04-20T12:12:09 IST">
          <reporter-output>
          </reporter-output>
        </test-method> <!-- beforeTest -->
        <test-method status="PASS" signature="Login2()[pri:0, instance:com.qa.tests.LoginTest2@3e0fbeb5]" name="Login2" duration-ms="13049" started-at="2023-04-20T12:12:09 IST" finished-at="2023-04-20T12:12:22 IST">
          <reporter-output>
          </reporter-output>
        </test-method> <!-- Login2 -->
        <test-method status="PASS" signature="afterTest()[pri:0, instance:com.qa.tests.LoginTest2@3e0fbeb5]" name="afterTest" is-config="true" duration-ms="0" started-at="2023-04-20T12:12:35 IST" finished-at="2023-04-20T12:12:35 IST">
          <reporter-output>
          </reporter-output>
        </test-method> <!-- afterTest -->
      </class> <!-- com.qa.tests.LoginTest2 -->
      <class name="com.qa.tests.WhiteSpaceTests">
        <test-method status="PASS" signature="WhitespaceStep1()[pri:0, instance:com.qa.tests.WhiteSpaceTests@dd2856e]" name="WhitespaceStep1" duration-ms="6217" started-at="2023-04-20T12:12:22 IST" finished-at="2023-04-20T12:12:28 IST">
          <reporter-output>
          </reporter-output>
        </test-method> <!-- WhitespaceStep1 -->
        <test-method status="PASS" signature="WhitespaceStep2()[pri:1, instance:com.qa.tests.WhiteSpaceTests@dd2856e]" name="WhitespaceStep2" duration-ms="6395" started-at="2023-04-20T12:12:28 IST" finished-at="2023-04-20T12:12:35 IST">
          <reporter-output>
          </reporter-output>
        </test-method> <!-- WhitespaceStep2 -->
        <test-method status="PASS" signature="WhitespaceStep3()[pri:2, instance:com.qa.tests.WhiteSpaceTests@dd2856e]" name="WhitespaceStep3" duration-ms="5" started-at="2023-04-20T12:12:35 IST" finished-at="2023-04-20T12:12:35 IST">
          <reporter-output>
          </reporter-output>
        </test-method> <!-- WhitespaceStep3 -->
      </class> <!-- com.qa.tests.WhiteSpaceTests -->
    </test> <!-- Test -->
  </suite> <!-- Suite -->
</testng-results>
